{"/home/ramon/open-source/PetMe/src/components/About/index.jsx": {"path":"/home/ramon/open-source/PetMe/src/components/About/index.jsx","statementMap":{"0":{"start":{"line":8,"column":6},"end":{"line":8,"column":null}},"1":{"start":{"line":10,"column":22},"end":{"line":19,"column":null}},"2":{"start":{"line":21,"column":21},"end":{"line":27,"column":null}},"3":{"start":{"line":29,"column":2},"end":{"line":54,"column":null}}},"fnMap":{"0":{"name":"index","decl":{"start":{"line":5,"column":9},"end":{"line":5,"column":17}},"loc":{"start":{"line":5,"column":17},"end":{"line":56,"column":null}}}},"branchMap":{},"s":{"0":2,"1":2,"2":2,"3":2},"f":{"0":2},"b":{}}
,"/home/ramon/open-source/PetMe/src/components/AnimalsCard/index.jsx": {"path":"/home/ramon/open-source/PetMe/src/components/AnimalsCard/index.jsx","statementMap":{"0":{"start":{"line":7,"column":2},"end":{"line":51,"column":null}},"1":{"start":{"line":17,"column":10},"end":{"line":48,"column":null}}},"fnMap":{"0":{"name":"AnimalsCard","decl":{"start":{"line":6,"column":9},"end":{"line":6,"column":23}},"loc":{"start":{"line":6,"column":23},"end":{"line":53,"column":null}}},"1":{"name":"(anonymous_1)","decl":{"start":{"line":16,"column":22},"end":{"line":16,"column":23}},"loc":{"start":{"line":17,"column":10},"end":{"line":48,"column":null}}}},"branchMap":{},"s":{"0":5,"1":30},"f":{"0":5,"1":30},"b":{}}
,"/home/ramon/open-source/PetMe/src/components/Contributors/index.jsx": {"path":"/home/ramon/open-source/PetMe/src/components/Contributors/index.jsx","statementMap":{"0":{"start":{"line":5,"column":42},"end":{"line":5,"column":null}},"1":{"start":{"line":7,"column":2},"end":{"line":17,"column":null}},"2":{"start":{"line":8,"column":4},"end":{"line":16,"column":null}},"3":{"start":{"line":9,"column":6},"end":{"line":13,"column":null}},"4":{"start":{"line":10,"column":23},"end":{"line":10,"column":33}},"5":{"start":{"line":12,"column":10},"end":{"line":12,"column":null}},"6":{"start":{"line":15,"column":6},"end":{"line":15,"column":null}},"7":{"start":{"line":19,"column":2},"end":{"line":75,"column":null}},"8":{"start":{"line":33,"column":10},"end":{"line":48,"column":null}}},"fnMap":{"0":{"name":"Contributors","decl":{"start":{"line":4,"column":9},"end":{"line":4,"column":24}},"loc":{"start":{"line":4,"column":24},"end":{"line":77,"column":null}}},"1":{"name":"(anonymous_1)","decl":{"start":{"line":7,"column":12},"end":{"line":7,"column":18}},"loc":{"start":{"line":7,"column":18},"end":{"line":17,"column":5}}},"2":{"name":"(anonymous_2)","decl":{"start":{"line":10,"column":14},"end":{"line":10,"column":15}},"loc":{"start":{"line":10,"column":23},"end":{"line":10,"column":33}}},"3":{"name":"(anonymous_3)","decl":{"start":{"line":11,"column":14},"end":{"line":11,"column":15}},"loc":{"start":{"line":11,"column":24},"end":{"line":13,"column":9}}},"4":{"name":"(anonymous_4)","decl":{"start":{"line":32,"column":26},"end":{"line":32,"column":27}},"loc":{"start":{"line":33,"column":10},"end":{"line":48,"column":null}}}},"branchMap":{},"s":{"0":4,"1":3,"2":2,"3":2,"4":2,"5":2,"6":0,"7":3,"8":1},"f":{"0":4,"1":2,"2":2,"3":2,"4":1},"b":{}}
,"/home/ramon/open-source/PetMe/src/components/Footer/index.jsx": {"path":"/home/ramon/open-source/PetMe/src/components/Footer/index.jsx","statementMap":{"0":{"start":{"line":6,"column":2},"end":{"line":116,"column":null}}},"fnMap":{"0":{"name":"Footer","decl":{"start":{"line":5,"column":9},"end":{"line":5,"column":18}},"loc":{"start":{"line":5,"column":18},"end":{"line":118,"column":null}}}},"branchMap":{},"s":{"0":1},"f":{"0":1},"b":{}}
,"/home/ramon/open-source/PetMe/src/components/Header/index.jsx": {"path":"/home/ramon/open-source/PetMe/src/components/Header/index.jsx","statementMap":{"0":{"start":{"line":10,"column":25},"end":{"line":10,"column":null}},"1":{"start":{"line":11,"column":38},"end":{"line":11,"column":null}},"2":{"start":{"line":12,"column":34},"end":{"line":12,"column":null}},"3":{"start":{"line":13,"column":23},"end":{"line":13,"column":null}},"4":{"start":{"line":15,"column":2},"end":{"line":24,"column":null}},"5":{"start":{"line":16,"column":25},"end":{"line":18,"column":null}},"6":{"start":{"line":17,"column":6},"end":{"line":17,"column":null}},"7":{"start":{"line":19,"column":4},"end":{"line":19,"column":null}},"8":{"start":{"line":20,"column":4},"end":{"line":20,"column":null}},"9":{"start":{"line":21,"column":4},"end":{"line":23,"column":null}},"10":{"start":{"line":22,"column":6},"end":{"line":22,"column":null}},"11":{"start":{"line":26,"column":21},"end":{"line":28,"column":null}},"12":{"start":{"line":27,"column":4},"end":{"line":27,"column":null}},"13":{"start":{"line":30,"column":2},"end":{"line":34,"column":null}},"14":{"start":{"line":31,"column":4},"end":{"line":32,"column":null}},"15":{"start":{"line":36,"column":2},"end":{"line":78,"column":null}},"16":{"start":{"line":53,"column":10},"end":{"line":61,"column":null}}},"fnMap":{"0":{"name":"Header","decl":{"start":{"line":9,"column":9},"end":{"line":9,"column":18}},"loc":{"start":{"line":9,"column":18},"end":{"line":80,"column":null}}},"1":{"name":"(anonymous_1)","decl":{"start":{"line":15,"column":12},"end":{"line":15,"column":18}},"loc":{"start":{"line":15,"column":18},"end":{"line":24,"column":5}}},"2":{"name":"(anonymous_2)","decl":{"start":{"line":16,"column":25},"end":{"line":16,"column":31}},"loc":{"start":{"line":16,"column":31},"end":{"line":18,"column":null}}},"3":{"name":"(anonymous_3)","decl":{"start":{"line":21,"column":11},"end":{"line":21,"column":17}},"loc":{"start":{"line":21,"column":17},"end":{"line":23,"column":null}}},"4":{"name":"(anonymous_4)","decl":{"start":{"line":26,"column":21},"end":{"line":26,"column":27}},"loc":{"start":{"line":26,"column":27},"end":{"line":28,"column":null}}},"5":{"name":"(anonymous_5)","decl":{"start":{"line":52,"column":22},"end":{"line":52,"column":23}},"loc":{"start":{"line":53,"column":10},"end":{"line":61,"column":null}}},"6":{"name":"(anonymous_6)","decl":{"start":{"line":57,"column":48},"end":{"line":57,"column":54}},"loc":{"start":{"line":57,"column":54},"end":{"line":57,"column":60}}}},"branchMap":{"0":{"loc":{"start":{"line":30,"column":2},"end":{"line":34,"column":null}},"type":"if","locations":[{"start":{"line":30,"column":2},"end":{"line":34,"column":null}},{"start":{"line":30,"column":2},"end":{"line":34,"column":null}}]},"1":{"loc":{"start":{"line":30,"column":6},"end":{"line":30,"column":30}},"type":"binary-expr","locations":[{"start":{"line":30,"column":6},"end":{"line":30,"column":18}},{"start":{"line":30,"column":18},"end":{"line":30,"column":30}}]},"2":{"loc":{"start":{"line":56,"column":18},"end":{"line":56,"column":null}},"type":"cond-expr","locations":[{"start":{"line":56,"column":39},"end":{"line":56,"column":51}},{"start":{"line":56,"column":51},"end":{"line":56,"column":null}}]},"3":{"loc":{"start":{"line":57,"column":21},"end":{"line":57,"column":null}},"type":"cond-expr","locations":[{"start":{"line":57,"column":48},"end":{"line":57,"column":60}},{"start":{"line":57,"column":60},"end":{"line":57,"column":null}}]}},"s":{"0":3,"1":3,"2":3,"3":3,"4":3,"5":3,"6":3,"7":3,"8":3,"9":3,"10":3,"11":3,"12":0,"13":3,"14":0,"15":3,"16":21},"f":{"0":3,"1":3,"2":3,"3":3,"4":0,"5":21,"6":0},"b":{"0":[0,3],"1":[3,3],"2":[3,18],"3":[18,3]}}
,"/home/ramon/open-source/PetMe/src/components/Header/components/MobileHeader/index.jsx": {"path":"/home/ramon/open-source/PetMe/src/components/Header/components/MobileHeader/index.jsx","statementMap":{"0":{"start":{"line":8,"column":17},"end":{"line":11,"column":null}},"1":{"start":{"line":14,"column":37},"end":{"line":14,"column":null}},"2":{"start":{"line":16,"column":2},"end":{"line":49,"column":null}},"3":{"start":{"line":53,"column":0},"end":{"line":56,"column":null}}},"fnMap":{"0":{"name":"MobileMenu","decl":{"start":{"line":13,"column":9},"end":{"line":13,"column":20}},"loc":{"start":{"line":13,"column":27},"end":{"line":51,"column":null}}}},"branchMap":{"0":{"loc":{"start":{"line":38,"column":19},"end":{"line":38,"column":null}},"type":"cond-expr","locations":[{"start":{"line":38,"column":32},"end":{"line":38,"column":41}},{"start":{"line":38,"column":41},"end":{"line":38,"column":null}}]},"1":{"loc":{"start":{"line":41,"column":21},"end":{"line":41,"column":null}},"type":"cond-expr","locations":[{"start":{"line":41,"column":34},"end":{"line":41,"column":70}},{"start":{"line":41,"column":70},"end":{"line":41,"column":null}}]}},"s":{"0":1,"1":0,"2":0,"3":1},"f":{"0":0},"b":{"0":[0,0],"1":[0,0]}}
,"/home/ramon/open-source/PetMe/src/components/Header/components/MobileHeader/MenuItem/index.jsx": {"path":"/home/ramon/open-source/PetMe/src/components/Header/components/MobileHeader/MenuItem/index.jsx","statementMap":{"0":{"start":{"line":6,"column":17},"end":{"line":21,"column":null}},"1":{"start":{"line":24,"column":2},"end":{"line":45,"column":null}},"2":{"start":{"line":32,"column":8},"end":{"line":43,"column":null}}},"fnMap":{"0":{"name":"MenuItem","decl":{"start":{"line":23,"column":9},"end":{"line":23,"column":20}},"loc":{"start":{"line":23,"column":20},"end":{"line":47,"column":null}}},"1":{"name":"(anonymous_1)","decl":{"start":{"line":31,"column":20},"end":{"line":31,"column":21}},"loc":{"start":{"line":32,"column":8},"end":{"line":43,"column":null}}}},"branchMap":{},"s":{"0":1,"1":0,"2":0},"f":{"0":0,"1":0},"b":{}}
,"/home/ramon/open-source/PetMe/src/components/Header/components/MobileHeader/MenuToggle/index.jsx": {"path":"/home/ramon/open-source/PetMe/src/components/Header/components/MobileHeader/MenuToggle/index.jsx","statementMap":{"0":{"start":{"line":5,"column":25},"end":{"line":5,"column":null}},"1":{"start":{"line":7,"column":2},"end":{"line":27,"column":null}},"2":{"start":{"line":31,"column":0},"end":{"line":33,"column":null}}},"fnMap":{"0":{"name":"MenuToggle","decl":{"start":{"line":4,"column":9},"end":{"line":4,"column":20}},"loc":{"start":{"line":4,"column":27},"end":{"line":29,"column":null}}}},"branchMap":{},"s":{"0":0,"1":0,"2":1},"f":{"0":0},"b":{}}
,"/home/ramon/open-source/PetMe/src/components/TitleSection/index.jsx": {"path":"/home/ramon/open-source/PetMe/src/components/TitleSection/index.jsx","statementMap":{"0":{"start":{"line":7,"column":20},"end":{"line":7,"column":null}},"1":{"start":{"line":8,"column":2},"end":{"line":18,"column":null}},"2":{"start":{"line":22,"column":0},"end":{"line":24,"column":null}}},"fnMap":{"0":{"name":"TitleSection","decl":{"start":{"line":6,"column":9},"end":{"line":6,"column":22}},"loc":{"start":{"line":6,"column":29},"end":{"line":20,"column":null}}}},"branchMap":{},"s":{"0":4,"1":4,"2":1},"f":{"0":4},"b":{}}
,"/home/ramon/open-source/PetMe/src/context/HeaderContext.jsx": {"path":"/home/ramon/open-source/PetMe/src/context/HeaderContext.jsx","statementMap":{"0":{"start":{"line":3,"column":22},"end":{"line":3,"column":null}}},"fnMap":{},"branchMap":{},"s":{"0":2},"f":{},"b":{}}
,"/home/ramon/open-source/PetMe/src/context/HeaderProvider.jsx": {"path":"/home/ramon/open-source/PetMe/src/context/HeaderProvider.jsx","statementMap":{"0":{"start":{"line":6,"column":23},"end":{"line":6,"column":null}},"1":{"start":{"line":8,"column":21},"end":{"line":13,"column":null}},"2":{"start":{"line":9,"column":4},"end":{"line":12,"column":null}},"3":{"start":{"line":15,"column":18},"end":{"line":18,"column":null}},"4":{"start":{"line":15,"column":33},"end":{"line":18,"column":6}},"5":{"start":{"line":20,"column":2},"end":{"line":23,"column":null}},"6":{"start":{"line":27,"column":0},"end":{"line":29,"column":null}}},"fnMap":{"0":{"name":"HeaderProvider","decl":{"start":{"line":5,"column":9},"end":{"line":5,"column":24}},"loc":{"start":{"line":5,"column":38},"end":{"line":25,"column":null}}},"1":{"name":"(anonymous_1)","decl":{"start":{"line":8,"column":21},"end":{"line":8,"column":27}},"loc":{"start":{"line":8,"column":27},"end":{"line":13,"column":null}}},"2":{"name":"(anonymous_2)","decl":{"start":{"line":15,"column":26},"end":{"line":15,"column":33}},"loc":{"start":{"line":15,"column":33},"end":{"line":18,"column":6}}}},"branchMap":{},"s":{"0":5,"1":5,"2":0,"3":5,"4":5,"5":5,"6":2},"f":{"0":5,"1":0,"2":5},"b":{}}
,"/home/ramon/open-source/PetMe/src/helpers/animalsForCards.jsx": {"path":"/home/ramon/open-source/PetMe/src/helpers/animalsForCards.jsx","statementMap":{"0":{"start":{"line":1,"column":16},"end":{"line":62,"column":null}}},"fnMap":{},"branchMap":{},"s":{"0":1},"f":{},"b":{}}
,"/home/ramon/open-source/PetMe/src/helpers/buttonsForHeader.jsx": {"path":"/home/ramon/open-source/PetMe/src/helpers/buttonsForHeader.jsx","statementMap":{"0":{"start":{"line":1,"column":16},"end":{"line":37,"column":null}}},"fnMap":{},"branchMap":{},"s":{"0":1},"f":{},"b":{}}
,"/home/ramon/open-source/PetMe/src/test/renderWithContext.jsx": {"path":"/home/ramon/open-source/PetMe/src/test/renderWithContext.jsx","statementMap":{"0":{"start":{"line":4,"column":26},"end":{"line":10,"column":null}},"1":{"start":{"line":4,"column":42},"end":{"line":10,"column":null}}},"fnMap":{"0":{"name":"(anonymous_0)","decl":{"start":{"line":4,"column":26},"end":{"line":4,"column":27}},"loc":{"start":{"line":4,"column":42},"end":{"line":10,"column":null}}}},"branchMap":{},"s":{"0":2,"1":5},"f":{"0":5},"b":{}}
}
